[2024-10-09 17:35:40] local.ERROR: Please provide a valid cache path. {"exception":"[object] (InvalidArgumentException(code: 0): Please provide a valid cache path. at /Users/lemanh/Documents/projechlaravel/vendor/laravel/framework/src/Illuminate/View/Compilers/Compiler.php:67)
[stacktrace]
#0 /Users/lemanh/Documents/projechlaravel/vendor/laravel/framework/src/Illuminate/View/ViewServiceProvider.php(97): Illuminate\\View\\Compilers\\Compiler->__construct(Object(Illuminate\\Filesystem\\Filesystem), false, '', true, 'php')
#1 /Users/lemanh/Documents/projechlaravel/vendor/laravel/framework/src/Illuminate/Container/Container.php(931): Illuminate\\View\\ViewServiceProvider->Illuminate\\View\\{closure}(Object(Illuminate\\Foundation\\Application), Array)
#2 /Users/lemanh/Documents/projechlaravel/vendor/laravel/framework/src/Illuminate/Container/Container.php(815): Illuminate\\Container\\Container->build(Object(Closure))
#3 /Users/lemanh/Documents/projechlaravel/vendor/laravel/framework/src/Illuminate/Foundation/Application.php(1046): Illuminate\\Container\\Container->resolve('blade.compiler', Array, true)
#4 /Users/lemanh/Documents/projechlaravel/vendor/laravel/framework/src/Illuminate/Container/Container.php(751): Illuminate\\Foundation\\Application->resolve('blade.compiler', Array)
#5 /Users/lemanh/Documents/projechlaravel/vendor/laravel/framework/src/Illuminate/Foundation/Application.php(1028): Illuminate\\Container\\Container->make('blade.compiler', Array)
#6 /Users/lemanh/Documents/projechlaravel/vendor/laravel/framework/src/Illuminate/Container/Container.php(1570): Illuminate\\Foundation\\Application->make('blade.compiler')
#7 /Users/lemanh/Documents/projechlaravel/vendor/laravel/framework/src/Illuminate/Support/Facades/Facade.php(237): Illuminate\\Container\\Container->offsetGet('blade.compiler')
#8 /Users/lemanh/Documents/projechlaravel/vendor/laravel/framework/src/Illuminate/Support/Facades/Facade.php(208): Illuminate\\Support\\Facades\\Facade::resolveFacadeInstance('blade.compiler')
#9 /Users/lemanh/Documents/projechlaravel/vendor/laravel/framework/src/Illuminate/Support/Facades/Facade.php(351): Illuminate\\Support\\Facades\\Facade::getFacadeRoot()
#10 /Users/lemanh/Documents/projechlaravel/vendor/arrilot/laravel-widgets/src/ServiceProvider.php(75): Illuminate\\Support\\Facades\\Facade::__callStatic('directive', Array)
#11 /Users/lemanh/Documents/projechlaravel/vendor/laravel/framework/src/Illuminate/Container/BoundMethod.php(36): Arrilot\\Widgets\\ServiceProvider->boot()
#12 /Users/lemanh/Documents/projechlaravel/vendor/laravel/framework/src/Illuminate/Container/Util.php(41): Illuminate\\Container\\BoundMethod::Illuminate\\Container\\{closure}()
#13 /Users/lemanh/Documents/projechlaravel/vendor/laravel/framework/src/Illuminate/Container/BoundMethod.php(93): Illuminate\\Container\\Util::unwrapIfClosure(Object(Closure))
#14 /Users/lemanh/Documents/projechlaravel/vendor/laravel/framework/src/Illuminate/Container/BoundMethod.php(35): Illuminate\\Container\\BoundMethod::callBoundMethod(Object(Illuminate\\Foundation\\Application), Array, Object(Closure))
#15 /Users/lemanh/Documents/projechlaravel/vendor/laravel/framework/src/Illuminate/Container/Container.php(690): Illuminate\\Container\\BoundMethod::call(Object(Illuminate\\Foundation\\Application), Array, Array, NULL)
#16 /Users/lemanh/Documents/projechlaravel/vendor/laravel/framework/src/Illuminate/Foundation/Application.php(1119): Illuminate\\Container\\Container->call(Array)
#17 /Users/lemanh/Documents/projechlaravel/vendor/laravel/framework/src/Illuminate/Foundation/Application.php(1100): Illuminate\\Foundation\\Application->bootProvider(Object(Arrilot\\Widgets\\ServiceProvider))
#18 [internal function]: Illuminate\\Foundation\\Application->Illuminate\\Foundation\\{closure}(Object(Arrilot\\Widgets\\ServiceProvider), 'Arrilot\\\\Widgets...')
#19 /Users/lemanh/Documents/projechlaravel/vendor/laravel/framework/src/Illuminate/Foundation/Application.php(1099): array_walk(Array, Object(Closure))
#20 /Users/lemanh/Documents/projechlaravel/vendor/laravel/framework/src/Illuminate/Foundation/Bootstrap/BootProviders.php(17): Illuminate\\Foundation\\Application->boot()
#21 /Users/lemanh/Documents/projechlaravel/vendor/laravel/framework/src/Illuminate/Foundation/Application.php(316): Illuminate\\Foundation\\Bootstrap\\BootProviders->bootstrap(Object(Illuminate\\Foundation\\Application))
#22 /Users/lemanh/Documents/projechlaravel/vendor/laravel/framework/src/Illuminate/Foundation/Console/Kernel.php(470): Illuminate\\Foundation\\Application->bootstrapWith(Array)
#23 /Users/lemanh/Documents/projechlaravel/vendor/laravel/framework/src/Illuminate/Foundation/Console/Kernel.php(194): Illuminate\\Foundation\\Console\\Kernel->bootstrap()
#24 /Users/lemanh/Documents/projechlaravel/vendor/laravel/framework/src/Illuminate/Foundation/Application.php(1203): Illuminate\\Foundation\\Console\\Kernel->handle(Object(Symfony\\Component\\Console\\Input\\ArgvInput), Object(Symfony\\Component\\Console\\Output\\ConsoleOutput))
#25 /Users/lemanh/Documents/projechlaravel/artisan(13): Illuminate\\Foundation\\Application->handleCommand(Object(Symfony\\Component\\Console\\Input\\ArgvInput))
#26 {main}
"} 
[2024-10-09 18:38:49] local.ERROR: Please provide a valid cache path. {"exception":"[object] (InvalidArgumentException(code: 0): Please provide a valid cache path. at /Users/lemanh/Documents/projechlaravel/vendor/laravel/framework/src/Illuminate/View/Compilers/Compiler.php:67)
[stacktrace]
#0 /Users/lemanh/Documents/projechlaravel/vendor/laravel/framework/src/Illuminate/View/ViewServiceProvider.php(97): Illuminate\\View\\Compilers\\Compiler->__construct(Object(Illuminate\\Filesystem\\Filesystem), false, '', true, 'php')
#1 /Users/lemanh/Documents/projechlaravel/vendor/laravel/framework/src/Illuminate/Container/Container.php(931): Illuminate\\View\\ViewServiceProvider->Illuminate\\View\\{closure}(Object(Illuminate\\Foundation\\Application), Array)
#2 /Users/lemanh/Documents/projechlaravel/vendor/laravel/framework/src/Illuminate/Container/Container.php(815): Illuminate\\Container\\Container->build(Object(Closure))
#3 /Users/lemanh/Documents/projechlaravel/vendor/laravel/framework/src/Illuminate/Foundation/Application.php(1046): Illuminate\\Container\\Container->resolve('blade.compiler', Array, true)
#4 /Users/lemanh/Documents/projechlaravel/vendor/laravel/framework/src/Illuminate/Container/Container.php(751): Illuminate\\Foundation\\Application->resolve('blade.compiler', Array)
#5 /Users/lemanh/Documents/projechlaravel/vendor/laravel/framework/src/Illuminate/Foundation/Application.php(1028): Illuminate\\Container\\Container->make('blade.compiler', Array)
#6 /Users/lemanh/Documents/projechlaravel/vendor/laravel/framework/src/Illuminate/Container/Container.php(1570): Illuminate\\Foundation\\Application->make('blade.compiler')
#7 /Users/lemanh/Documents/projechlaravel/vendor/laravel/framework/src/Illuminate/Support/Facades/Facade.php(237): Illuminate\\Container\\Container->offsetGet('blade.compiler')
#8 /Users/lemanh/Documents/projechlaravel/vendor/laravel/framework/src/Illuminate/Support/Facades/Facade.php(208): Illuminate\\Support\\Facades\\Facade::resolveFacadeInstance('blade.compiler')
#9 /Users/lemanh/Documents/projechlaravel/vendor/laravel/framework/src/Illuminate/Support/Facades/Facade.php(351): Illuminate\\Support\\Facades\\Facade::getFacadeRoot()
#10 /Users/lemanh/Documents/projechlaravel/vendor/arrilot/laravel-widgets/src/ServiceProvider.php(75): Illuminate\\Support\\Facades\\Facade::__callStatic('directive', Array)
#11 /Users/lemanh/Documents/projechlaravel/vendor/laravel/framework/src/Illuminate/Container/BoundMethod.php(36): Arrilot\\Widgets\\ServiceProvider->boot()
#12 /Users/lemanh/Documents/projechlaravel/vendor/laravel/framework/src/Illuminate/Container/Util.php(41): Illuminate\\Container\\BoundMethod::Illuminate\\Container\\{closure}()
#13 /Users/lemanh/Documents/projechlaravel/vendor/laravel/framework/src/Illuminate/Container/BoundMethod.php(93): Illuminate\\Container\\Util::unwrapIfClosure(Object(Closure))
#14 /Users/lemanh/Documents/projechlaravel/vendor/laravel/framework/src/Illuminate/Container/BoundMethod.php(35): Illuminate\\Container\\BoundMethod::callBoundMethod(Object(Illuminate\\Foundation\\Application), Array, Object(Closure))
#15 /Users/lemanh/Documents/projechlaravel/vendor/laravel/framework/src/Illuminate/Container/Container.php(690): Illuminate\\Container\\BoundMethod::call(Object(Illuminate\\Foundation\\Application), Array, Array, NULL)
#16 /Users/lemanh/Documents/projechlaravel/vendor/laravel/framework/src/Illuminate/Foundation/Application.php(1119): Illuminate\\Container\\Container->call(Array)
#17 /Users/lemanh/Documents/projechlaravel/vendor/laravel/framework/src/Illuminate/Foundation/Application.php(1100): Illuminate\\Foundation\\Application->bootProvider(Object(Arrilot\\Widgets\\ServiceProvider))
#18 [internal function]: Illuminate\\Foundation\\Application->Illuminate\\Foundation\\{closure}(Object(Arrilot\\Widgets\\ServiceProvider), 'Arrilot\\\\Widgets...')
#19 /Users/lemanh/Documents/projechlaravel/vendor/laravel/framework/src/Illuminate/Foundation/Application.php(1099): array_walk(Array, Object(Closure))
#20 /Users/lemanh/Documents/projechlaravel/vendor/laravel/framework/src/Illuminate/Foundation/Bootstrap/BootProviders.php(17): Illuminate\\Foundation\\Application->boot()
#21 /Users/lemanh/Documents/projechlaravel/vendor/laravel/framework/src/Illuminate/Foundation/Application.php(316): Illuminate\\Foundation\\Bootstrap\\BootProviders->bootstrap(Object(Illuminate\\Foundation\\Application))
#22 /Users/lemanh/Documents/projechlaravel/vendor/laravel/framework/src/Illuminate/Foundation/Console/Kernel.php(470): Illuminate\\Foundation\\Application->bootstrapWith(Array)
#23 /Users/lemanh/Documents/projechlaravel/vendor/laravel/framework/src/Illuminate/Foundation/Console/Kernel.php(194): Illuminate\\Foundation\\Console\\Kernel->bootstrap()
#24 /Users/lemanh/Documents/projechlaravel/vendor/laravel/framework/src/Illuminate/Foundation/Application.php(1203): Illuminate\\Foundation\\Console\\Kernel->handle(Object(Symfony\\Component\\Console\\Input\\ArgvInput), Object(Symfony\\Component\\Console\\Output\\ConsoleOutput))
#25 /Users/lemanh/Documents/projechlaravel/artisan(13): Illuminate\\Foundation\\Application->handleCommand(Object(Symfony\\Component\\Console\\Input\\ArgvInput))
#26 {main}
"} 
[2024-10-09 18:38:49] local.ERROR: Please provide a valid cache path. {"exception":"[object] (InvalidArgumentException(code: 0): Please provide a valid cache path. at /Users/lemanh/Documents/projechlaravel/vendor/laravel/framework/src/Illuminate/View/Compilers/Compiler.php:67)
[stacktrace]
#0 /Users/lemanh/Documents/projechlaravel/vendor/laravel/framework/src/Illuminate/View/ViewServiceProvider.php(97): Illuminate\\View\\Compilers\\Compiler->__construct(Object(Illuminate\\Filesystem\\Filesystem), false, '', true, 'php')
#1 /Users/lemanh/Documents/projechlaravel/vendor/laravel/framework/src/Illuminate/Container/Container.php(931): Illuminate\\View\\ViewServiceProvider->Illuminate\\View\\{closure}(Object(Illuminate\\Foundation\\Application), Array)
#2 /Users/lemanh/Documents/projechlaravel/vendor/laravel/framework/src/Illuminate/Container/Container.php(815): Illuminate\\Container\\Container->build(Object(Closure))
#3 /Users/lemanh/Documents/projechlaravel/vendor/laravel/framework/src/Illuminate/Foundation/Application.php(1046): Illuminate\\Container\\Container->resolve('blade.compiler', Array, true)
#4 /Users/lemanh/Documents/projechlaravel/vendor/laravel/framework/src/Illuminate/Container/Container.php(751): Illuminate\\Foundation\\Application->resolve('blade.compiler', Array)
#5 /Users/lemanh/Documents/projechlaravel/vendor/laravel/framework/src/Illuminate/Foundation/Application.php(1028): Illuminate\\Container\\Container->make('blade.compiler', Array)
#6 /Users/lemanh/Documents/projechlaravel/vendor/laravel/framework/src/Illuminate/Container/Container.php(1570): Illuminate\\Foundation\\Application->make('blade.compiler')
#7 /Users/lemanh/Documents/projechlaravel/vendor/laravel/framework/src/Illuminate/Support/Facades/Facade.php(237): Illuminate\\Container\\Container->offsetGet('blade.compiler')
#8 /Users/lemanh/Documents/projechlaravel/vendor/laravel/framework/src/Illuminate/Support/Facades/Facade.php(208): Illuminate\\Support\\Facades\\Facade::resolveFacadeInstance('blade.compiler')
#9 /Users/lemanh/Documents/projechlaravel/vendor/laravel/framework/src/Illuminate/Support/Facades/Facade.php(351): Illuminate\\Support\\Facades\\Facade::getFacadeRoot()
#10 /Users/lemanh/Documents/projechlaravel/vendor/arrilot/laravel-widgets/src/ServiceProvider.php(75): Illuminate\\Support\\Facades\\Facade::__callStatic('directive', Array)
#11 /Users/lemanh/Documents/projechlaravel/vendor/laravel/framework/src/Illuminate/Container/BoundMethod.php(36): Arrilot\\Widgets\\ServiceProvider->boot()
#12 /Users/lemanh/Documents/projechlaravel/vendor/laravel/framework/src/Illuminate/Container/Util.php(41): Illuminate\\Container\\BoundMethod::Illuminate\\Container\\{closure}()
#13 /Users/lemanh/Documents/projechlaravel/vendor/laravel/framework/src/Illuminate/Container/BoundMethod.php(93): Illuminate\\Container\\Util::unwrapIfClosure(Object(Closure))
#14 /Users/lemanh/Documents/projechlaravel/vendor/laravel/framework/src/Illuminate/Container/BoundMethod.php(35): Illuminate\\Container\\BoundMethod::callBoundMethod(Object(Illuminate\\Foundation\\Application), Array, Object(Closure))
#15 /Users/lemanh/Documents/projechlaravel/vendor/laravel/framework/src/Illuminate/Container/Container.php(690): Illuminate\\Container\\BoundMethod::call(Object(Illuminate\\Foundation\\Application), Array, Array, NULL)
#16 /Users/lemanh/Documents/projechlaravel/vendor/laravel/framework/src/Illuminate/Foundation/Application.php(1119): Illuminate\\Container\\Container->call(Array)
#17 /Users/lemanh/Documents/projechlaravel/vendor/laravel/framework/src/Illuminate/Foundation/Application.php(1100): Illuminate\\Foundation\\Application->bootProvider(Object(Arrilot\\Widgets\\ServiceProvider))
#18 [internal function]: Illuminate\\Foundation\\Application->Illuminate\\Foundation\\{closure}(Object(Arrilot\\Widgets\\ServiceProvider), 'Arrilot\\\\Widgets...')
#19 /Users/lemanh/Documents/projechlaravel/vendor/laravel/framework/src/Illuminate/Foundation/Application.php(1099): array_walk(Array, Object(Closure))
#20 /Users/lemanh/Documents/projechlaravel/vendor/laravel/framework/src/Illuminate/Foundation/Bootstrap/BootProviders.php(17): Illuminate\\Foundation\\Application->boot()
#21 /Users/lemanh/Documents/projechlaravel/vendor/laravel/framework/src/Illuminate/Foundation/Application.php(316): Illuminate\\Foundation\\Bootstrap\\BootProviders->bootstrap(Object(Illuminate\\Foundation\\Application))
#22 /Users/lemanh/Documents/projechlaravel/vendor/laravel/framework/src/Illuminate/Foundation/Console/Kernel.php(470): Illuminate\\Foundation\\Application->bootstrapWith(Array)
#23 /Users/lemanh/Documents/projechlaravel/vendor/laravel/framework/src/Illuminate/Foundation/Console/Kernel.php(194): Illuminate\\Foundation\\Console\\Kernel->bootstrap()
#24 /Users/lemanh/Documents/projechlaravel/vendor/laravel/framework/src/Illuminate/Foundation/Application.php(1203): Illuminate\\Foundation\\Console\\Kernel->handle(Object(Symfony\\Component\\Console\\Input\\ArgvInput), Object(Symfony\\Component\\Console\\Output\\ConsoleOutput))
#25 /Users/lemanh/Documents/projechlaravel/artisan(13): Illuminate\\Foundation\\Application->handleCommand(Object(Symfony\\Component\\Console\\Input\\ArgvInput))
#26 {main}
"} 
[2024-10-09 18:38:49] local.ERROR: Please provide a valid cache path. {"exception":"[object] (InvalidArgumentException(code: 0): Please provide a valid cache path. at /Users/lemanh/Documents/projechlaravel/vendor/laravel/framework/src/Illuminate/View/Compilers/Compiler.php:67)
[stacktrace]
#0 /Users/lemanh/Documents/projechlaravel/vendor/laravel/framework/src/Illuminate/View/ViewServiceProvider.php(97): Illuminate\\View\\Compilers\\Compiler->__construct(Object(Illuminate\\Filesystem\\Filesystem), false, '', true, 'php')
#1 /Users/lemanh/Documents/projechlaravel/vendor/laravel/framework/src/Illuminate/Container/Container.php(931): Illuminate\\View\\ViewServiceProvider->Illuminate\\View\\{closure}(Object(Illuminate\\Foundation\\Application), Array)
#2 /Users/lemanh/Documents/projechlaravel/vendor/laravel/framework/src/Illuminate/Container/Container.php(815): Illuminate\\Container\\Container->build(Object(Closure))
#3 /Users/lemanh/Documents/projechlaravel/vendor/laravel/framework/src/Illuminate/Foundation/Application.php(1046): Illuminate\\Container\\Container->resolve('blade.compiler', Array, true)
#4 /Users/lemanh/Documents/projechlaravel/vendor/laravel/framework/src/Illuminate/Container/Container.php(751): Illuminate\\Foundation\\Application->resolve('blade.compiler', Array)
#5 /Users/lemanh/Documents/projechlaravel/vendor/laravel/framework/src/Illuminate/Foundation/Application.php(1028): Illuminate\\Container\\Container->make('blade.compiler', Array)
#6 /Users/lemanh/Documents/projechlaravel/vendor/laravel/framework/src/Illuminate/Container/Container.php(1570): Illuminate\\Foundation\\Application->make('blade.compiler')
#7 /Users/lemanh/Documents/projechlaravel/vendor/laravel/framework/src/Illuminate/Support/Facades/Facade.php(237): Illuminate\\Container\\Container->offsetGet('blade.compiler')
#8 /Users/lemanh/Documents/projechlaravel/vendor/laravel/framework/src/Illuminate/Support/Facades/Facade.php(208): Illuminate\\Support\\Facades\\Facade::resolveFacadeInstance('blade.compiler')
#9 /Users/lemanh/Documents/projechlaravel/vendor/laravel/framework/src/Illuminate/Support/Facades/Facade.php(351): Illuminate\\Support\\Facades\\Facade::getFacadeRoot()
#10 /Users/lemanh/Documents/projechlaravel/vendor/arrilot/laravel-widgets/src/ServiceProvider.php(75): Illuminate\\Support\\Facades\\Facade::__callStatic('directive', Array)
#11 /Users/lemanh/Documents/projechlaravel/vendor/laravel/framework/src/Illuminate/Container/BoundMethod.php(36): Arrilot\\Widgets\\ServiceProvider->boot()
#12 /Users/lemanh/Documents/projechlaravel/vendor/laravel/framework/src/Illuminate/Container/Util.php(41): Illuminate\\Container\\BoundMethod::Illuminate\\Container\\{closure}()
#13 /Users/lemanh/Documents/projechlaravel/vendor/laravel/framework/src/Illuminate/Container/BoundMethod.php(93): Illuminate\\Container\\Util::unwrapIfClosure(Object(Closure))
#14 /Users/lemanh/Documents/projechlaravel/vendor/laravel/framework/src/Illuminate/Container/BoundMethod.php(35): Illuminate\\Container\\BoundMethod::callBoundMethod(Object(Illuminate\\Foundation\\Application), Array, Object(Closure))
#15 /Users/lemanh/Documents/projechlaravel/vendor/laravel/framework/src/Illuminate/Container/Container.php(690): Illuminate\\Container\\BoundMethod::call(Object(Illuminate\\Foundation\\Application), Array, Array, NULL)
#16 /Users/lemanh/Documents/projechlaravel/vendor/laravel/framework/src/Illuminate/Foundation/Application.php(1119): Illuminate\\Container\\Container->call(Array)
#17 /Users/lemanh/Documents/projechlaravel/vendor/laravel/framework/src/Illuminate/Foundation/Application.php(1100): Illuminate\\Foundation\\Application->bootProvider(Object(Arrilot\\Widgets\\ServiceProvider))
#18 [internal function]: Illuminate\\Foundation\\Application->Illuminate\\Foundation\\{closure}(Object(Arrilot\\Widgets\\ServiceProvider), 'Arrilot\\\\Widgets...')
#19 /Users/lemanh/Documents/projechlaravel/vendor/laravel/framework/src/Illuminate/Foundation/Application.php(1099): array_walk(Array, Object(Closure))
#20 /Users/lemanh/Documents/projechlaravel/vendor/laravel/framework/src/Illuminate/Foundation/Bootstrap/BootProviders.php(17): Illuminate\\Foundation\\Application->boot()
#21 /Users/lemanh/Documents/projechlaravel/vendor/laravel/framework/src/Illuminate/Foundation/Application.php(316): Illuminate\\Foundation\\Bootstrap\\BootProviders->bootstrap(Object(Illuminate\\Foundation\\Application))
#22 /Users/lemanh/Documents/projechlaravel/vendor/laravel/framework/src/Illuminate/Foundation/Console/Kernel.php(470): Illuminate\\Foundation\\Application->bootstrapWith(Array)
#23 /Users/lemanh/Documents/projechlaravel/vendor/laravel/framework/src/Illuminate/Foundation/Console/Kernel.php(194): Illuminate\\Foundation\\Console\\Kernel->bootstrap()
#24 /Users/lemanh/Documents/projechlaravel/vendor/laravel/framework/src/Illuminate/Foundation/Application.php(1203): Illuminate\\Foundation\\Console\\Kernel->handle(Object(Symfony\\Component\\Console\\Input\\ArgvInput), Object(Symfony\\Component\\Console\\Output\\ConsoleOutput))
#25 /Users/lemanh/Documents/projechlaravel/artisan(13): Illuminate\\Foundation\\Application->handleCommand(Object(Symfony\\Component\\Console\\Input\\ArgvInput))
#26 {main}
"} 
[2024-10-09 18:39:38] local.ERROR: Please provide a valid cache path. {"exception":"[object] (InvalidArgumentException(code: 0): Please provide a valid cache path. at /Users/lemanh/Documents/projechlaravel/vendor/laravel/framework/src/Illuminate/View/Compilers/Compiler.php:67)
[stacktrace]
#0 /Users/lemanh/Documents/projechlaravel/vendor/laravel/framework/src/Illuminate/View/ViewServiceProvider.php(97): Illuminate\\View\\Compilers\\Compiler->__construct(Object(Illuminate\\Filesystem\\Filesystem), false, '', true, 'php')
#1 /Users/lemanh/Documents/projechlaravel/vendor/laravel/framework/src/Illuminate/Container/Container.php(931): Illuminate\\View\\ViewServiceProvider->Illuminate\\View\\{closure}(Object(Illuminate\\Foundation\\Application), Array)
#2 /Users/lemanh/Documents/projechlaravel/vendor/laravel/framework/src/Illuminate/Container/Container.php(815): Illuminate\\Container\\Container->build(Object(Closure))
#3 /Users/lemanh/Documents/projechlaravel/vendor/laravel/framework/src/Illuminate/Foundation/Application.php(1046): Illuminate\\Container\\Container->resolve('blade.compiler', Array, true)
#4 /Users/lemanh/Documents/projechlaravel/vendor/laravel/framework/src/Illuminate/Container/Container.php(751): Illuminate\\Foundation\\Application->resolve('blade.compiler', Array)
#5 /Users/lemanh/Documents/projechlaravel/vendor/laravel/framework/src/Illuminate/Foundation/Application.php(1028): Illuminate\\Container\\Container->make('blade.compiler', Array)
#6 /Users/lemanh/Documents/projechlaravel/vendor/laravel/framework/src/Illuminate/Container/Container.php(1570): Illuminate\\Foundation\\Application->make('blade.compiler')
#7 /Users/lemanh/Documents/projechlaravel/vendor/laravel/framework/src/Illuminate/Support/Facades/Facade.php(237): Illuminate\\Container\\Container->offsetGet('blade.compiler')
#8 /Users/lemanh/Documents/projechlaravel/vendor/laravel/framework/src/Illuminate/Support/Facades/Facade.php(208): Illuminate\\Support\\Facades\\Facade::resolveFacadeInstance('blade.compiler')
#9 /Users/lemanh/Documents/projechlaravel/vendor/laravel/framework/src/Illuminate/Support/Facades/Facade.php(351): Illuminate\\Support\\Facades\\Facade::getFacadeRoot()
#10 /Users/lemanh/Documents/projechlaravel/vendor/arrilot/laravel-widgets/src/ServiceProvider.php(75): Illuminate\\Support\\Facades\\Facade::__callStatic('directive', Array)
#11 /Users/lemanh/Documents/projechlaravel/vendor/laravel/framework/src/Illuminate/Container/BoundMethod.php(36): Arrilot\\Widgets\\ServiceProvider->boot()
#12 /Users/lemanh/Documents/projechlaravel/vendor/laravel/framework/src/Illuminate/Container/Util.php(41): Illuminate\\Container\\BoundMethod::Illuminate\\Container\\{closure}()
#13 /Users/lemanh/Documents/projechlaravel/vendor/laravel/framework/src/Illuminate/Container/BoundMethod.php(93): Illuminate\\Container\\Util::unwrapIfClosure(Object(Closure))
#14 /Users/lemanh/Documents/projechlaravel/vendor/laravel/framework/src/Illuminate/Container/BoundMethod.php(35): Illuminate\\Container\\BoundMethod::callBoundMethod(Object(Illuminate\\Foundation\\Application), Array, Object(Closure))
#15 /Users/lemanh/Documents/projechlaravel/vendor/laravel/framework/src/Illuminate/Container/Container.php(690): Illuminate\\Container\\BoundMethod::call(Object(Illuminate\\Foundation\\Application), Array, Array, NULL)
#16 /Users/lemanh/Documents/projechlaravel/vendor/laravel/framework/src/Illuminate/Foundation/Application.php(1119): Illuminate\\Container\\Container->call(Array)
#17 /Users/lemanh/Documents/projechlaravel/vendor/laravel/framework/src/Illuminate/Foundation/Application.php(1100): Illuminate\\Foundation\\Application->bootProvider(Object(Arrilot\\Widgets\\ServiceProvider))
#18 [internal function]: Illuminate\\Foundation\\Application->Illuminate\\Foundation\\{closure}(Object(Arrilot\\Widgets\\ServiceProvider), 'Arrilot\\\\Widgets...')
#19 /Users/lemanh/Documents/projechlaravel/vendor/laravel/framework/src/Illuminate/Foundation/Application.php(1099): array_walk(Array, Object(Closure))
#20 /Users/lemanh/Documents/projechlaravel/vendor/laravel/framework/src/Illuminate/Foundation/Bootstrap/BootProviders.php(17): Illuminate\\Foundation\\Application->boot()
#21 /Users/lemanh/Documents/projechlaravel/vendor/laravel/framework/src/Illuminate/Foundation/Application.php(316): Illuminate\\Foundation\\Bootstrap\\BootProviders->bootstrap(Object(Illuminate\\Foundation\\Application))
#22 /Users/lemanh/Documents/projechlaravel/vendor/laravel/framework/src/Illuminate/Foundation/Console/Kernel.php(470): Illuminate\\Foundation\\Application->bootstrapWith(Array)
#23 /Users/lemanh/Documents/projechlaravel/vendor/laravel/framework/src/Illuminate/Foundation/Console/Kernel.php(194): Illuminate\\Foundation\\Console\\Kernel->bootstrap()
#24 /Users/lemanh/Documents/projechlaravel/vendor/laravel/framework/src/Illuminate/Foundation/Application.php(1203): Illuminate\\Foundation\\Console\\Kernel->handle(Object(Symfony\\Component\\Console\\Input\\ArgvInput), Object(Symfony\\Component\\Console\\Output\\ConsoleOutput))
#25 /Users/lemanh/Documents/projechlaravel/artisan(13): Illuminate\\Foundation\\Application->handleCommand(Object(Symfony\\Component\\Console\\Input\\ArgvInput))
#26 {main}
"} 
